# JRE version: Java(TM) SE Runtime Environment (19.0.2+7) (build 19.0.2+7-44)
# Java VM: Java HotSpot(TM) 64-Bit Server VM (19.0.2+7-44, mixed mode, sharing, tiered, compressed oops, compressed class ptrs, g1 gc, windows-amd64)
GC Precious Log:
 CardTable entry size: 512
 Card Set container configuration: InlinePtr #cards 5 size 8 Array Of Cards #cards 12 size 40 Howl #buckets 4 coarsen threshold 1843 Howl Bitmap #cards 512 size 80 coarsen threshold 460 Card regions per heap region 1 cards per card region 2048
 CPUs: 2 total, 2 available
 Memory: 4010M
 Large Page Support: Disabled
 NUMA Support: Disabled
 Compressed Oops: Enabled (32-bit)
 Heap Region Size: 1M
 Heap Min Capacity: 8M
 Heap Initial Capacity: 64M
 Heap Max Capacity: 1004M
 Pre-touch: Disabled
 Parallel Workers: 2
 Concurrent Workers: 1
 Concurrent Refinement Workers: 2
 Periodic GC: Disabled
Heap:
 garbage-first heap   total 159744K, used 61446K [0x00000000c1400000, 0x0000000100000000)
  region size 1024K, 21 young (21504K), 1 survivors (1024K)
 Metaspace       used 34741K, committed 35328K, reserved 1114112K
  class space    used 4233K, committed 4544K, reserved 1048576K
GC Heap History (20 events):
Event: 0.574 GC heap before
{Heap before GC invocations=2 (full 0):
 garbage-first heap   total 65536K, used 18421K [0x00000000c1400000, 0x0000000100000000)
  region size 1024K, 15 young (15360K), 1 survivors (1024K)
 Metaspace       used 7261K, committed 7360K, reserved 1114112K
  class space    used 719K, committed 768K, reserved 1048576K
}
Event: 0.577 GC heap after
{Heap after GC invocations=3 (full 0):
 garbage-first heap   total 65536K, used 6345K [0x00000000c1400000, 0x0000000100000000)
  region size 1024K, 2 young (2048K), 2 survivors (2048K)
 Metaspace       used 7261K, committed 7360K, reserved 1114112K
  class space    used 719K, committed 768K, reserved 1048576K
}
Event: 1.563 GC heap before
{Heap before GC invocations=3 (full 0):
 garbage-first heap   total 65536K, used 46281K [0x00000000c1400000, 0x0000000100000000)
  region size 1024K, 38 young (38912K), 2 survivors (2048K)
 Metaspace       used 16408K, committed 16704K, reserved 1114112K
  class space    used 1796K, committed 1920K, reserved 1048576K
}
Event: 1.572 GC heap after
{Heap after GC invocations=4 (full 0):
 garbage-first heap   total 65536K, used 15091K [0x00000000c1400000, 0x0000000100000000)
  region size 1024K, 5 young (5120K), 5 survivors (5120K)
 Metaspace       used 16408K, committed 16704K, reserved 1114112K
  class space    used 1796K, committed 1920K, reserved 1048576K
}
Event: 2.000 GC heap before
{Heap before GC invocations=4 (full 0):
 garbage-first heap   total 65536K, used 51955K [0x00000000c1400000, 0x0000000100000000)
  region size 1024K, 29 young (29696K), 5 survivors (5120K)
 Metaspace       used 21253K, committed 21504K, reserved 1114112K
  class space    used 2440K, committed 2560K, reserved 1048576K
}
Event: 2.010 GC heap after
{Heap after GC invocations=5 (full 0):
 garbage-first heap   total 65536K, used 19338K [0x00000000c1400000, 0x0000000100000000)
  region size 1024K, 4 young (4096K), 4 survivors (4096K)
 Metaspace       used 21253K, committed 21504K, reserved 1114112K
  class space    used 2440K, committed 2560K, reserved 1048576K
}
Event: 2.235 GC heap before
{Heap before GC invocations=6 (full 0):
 garbage-first heap   total 65536K, used 50058K [0x00000000c1400000, 0x0000000100000000)
  region size 1024K, 28 young (28672K), 4 survivors (4096K)
 Metaspace       used 23054K, committed 23424K, reserved 1114112K
  class space    used 2854K, committed 3008K, reserved 1048576K
}
Event: 2.246 GC heap after
{Heap after GC invocations=7 (full 0):
 garbage-first heap   total 65536K, used 32030K [0x00000000c1400000, 0x0000000100000000)
  region size 1024K, 4 young (4096K), 4 survivors (4096K)
 Metaspace       used 23054K, committed 23424K, reserved 1114112K
  class space    used 2854K, committed 3008K, reserved 1048576K
}
Event: 2.255 GC heap before
{Heap before GC invocations=7 (full 0):
 garbage-first heap   total 65536K, used 33054K [0x00000000c1400000, 0x0000000100000000)
  region size 1024K, 5 young (5120K), 4 survivors (4096K)
 Metaspace       used 23059K, committed 23424K, reserved 1114112K
  class space    used 2854K, committed 3008K, reserved 1048576K
}
Event: 2.261 GC heap after
{Heap after GC invocations=8 (full 0):
 garbage-first heap   total 78848K, used 33162K [0x00000000c1400000, 0x0000000100000000)
  region size 1024K, 1 young (1024K), 1 survivors (1024K)
 Metaspace       used 23059K, committed 23424K, reserved 1114112K
  class space    used 2854K, committed 3008K, reserved 1048576K
}
Event: 2.471 GC heap before
{Heap before GC invocations=8 (full 0):
 garbage-first heap   total 78848K, used 55690K [0x00000000c1400000, 0x0000000100000000)
  region size 1024K, 23 young (23552K), 1 survivors (1024K)
 Metaspace       used 23503K, committed 23808K, reserved 1114112K
  class space    used 2883K, committed 3008K, reserved 1048576K
}
Event: 2.488 GC heap after
{Heap after GC invocations=9 (full 0):
 garbage-first heap   total 78848K, used 35089K [0x00000000c1400000, 0x0000000100000000)
  region size 1024K, 3 young (3072K), 3 survivors (3072K)
 Metaspace       used 23503K, committed 23808K, reserved 1114112K
  class space    used 2883K, committed 3008K, reserved 1048576K
}
Event: 2.889 GC heap before
{Heap before GC invocations=9 (full 0):
 garbage-first heap   total 78848K, used 55569K [0x00000000c1400000, 0x0000000100000000)
  region size 1024K, 23 young (23552K), 3 survivors (3072K)
 Metaspace       used 27725K, committed 28032K, reserved 1114112K
  class space    used 3527K, committed 3648K, reserved 1048576K
}
Event: 2.896 GC heap after
{Heap after GC invocations=10 (full 0):
 garbage-first heap   total 78848K, used 37277K [0x00000000c1400000, 0x0000000100000000)
  region size 1024K, 2 young (2048K), 2 survivors (2048K)
 Metaspace       used 27725K, committed 28032K, reserved 1114112K
  class space    used 3527K, committed 3648K, reserved 1048576K
}
Event: 2.913 GC heap before
{Heap before GC invocations=10 (full 0):
 garbage-first heap   total 78848K, used 38301K [0x00000000c1400000, 0x0000000100000000)
  region size 1024K, 4 young (4096K), 2 survivors (2048K)
 Metaspace       used 27975K, committed 28352K, reserved 1114112K
  class space    used 3558K, committed 3712K, reserved 1048576K
}
Event: 2.915 GC heap after
{Heap after GC invocations=11 (full 0):
 garbage-first heap   total 78848K, used 37243K [0x00000000c1400000, 0x0000000100000000)
  region size 1024K, 2 young (2048K), 2 survivors (2048K)
 Metaspace       used 27975K, committed 28352K, reserved 1114112K
  class space    used 3558K, committed 3712K, reserved 1048576K
}
Event: 3.263 GC heap before
{Heap before GC invocations=12 (full 0):
 garbage-first heap   total 78848K, used 64891K [0x00000000c1400000, 0x0000000100000000)
  region size 1024K, 23 young (23552K), 2 survivors (2048K)
 Metaspace       used 31333K, committed 31744K, reserved 1114112K
  class space    used 3875K, committed 4096K, reserved 1048576K
}
Event: 3.268 GC heap after
{Heap after GC invocations=13 (full 0):
 garbage-first heap   total 78848K, used 48735K [0x00000000c1400000, 0x0000000100000000)
  region size 1024K, 3 young (3072K), 3 survivors (3072K)
 Metaspace       used 31333K, committed 31744K, reserved 1114112K
  class space    used 3875K, committed 4096K, reserved 1048576K
}
Event: 3.278 GC heap before
{Heap before GC invocations=13 (full 0):
 garbage-first heap   total 78848K, used 48735K [0x00000000c1400000, 0x0000000100000000)
  region size 1024K, 4 young (4096K), 3 survivors (3072K)
 Metaspace       used 31507K, committed 31872K, reserved 1114112K
  class space    used 3883K, committed 4096K, reserved 1048576K
}
Event: 3.285 GC heap after
{Heap after GC invocations=14 (full 0):
 garbage-first heap   total 159744K, used 43014K [0x00000000c1400000, 0x0000000100000000)
  region size 1024K, 1 young (1024K), 1 survivors (1024K)
 Metaspace       used 31507K, committed 31872K, reserved 1114112K
  class space    used 3883K, committed 4096K, reserved 1048576K
}

