# JRE version: Java(TM) SE Runtime Environment (19.0.2+7) (build 19.0.2+7-44)
# Java VM: Java HotSpot(TM) 64-Bit Server VM (19.0.2+7-44, mixed mode, sharing, tiered, compressed oops, compressed class ptrs, g1 gc, windows-amd64)
GC Precious Log:
 CardTable entry size: 512
 Card Set container configuration: InlinePtr #cards 5 size 8 Array Of Cards #cards 12 size 40 Howl #buckets 4 coarsen threshold 1843 Howl Bitmap #cards 512 size 80 coarsen threshold 460 Card regions per heap region 1 cards per card region 2048
 CPUs: 2 total, 2 available
 Memory: 4010M
 Large Page Support: Disabled
 NUMA Support: Disabled
 Compressed Oops: Enabled (32-bit)
 Heap Region Size: 1M
 Heap Min Capacity: 8M
 Heap Initial Capacity: 64M
 Heap Max Capacity: 2G
 Pre-touch: Disabled
 Parallel Workers: 2
 Concurrent Workers: 1
 Concurrent Refinement Workers: 2
 Periodic GC: Disabled
Heap:
 garbage-first heap   total 294912K, used 243552K [0x0000000080000000, 0x0000000100000000)
  region size 1024K, 3 young (3072K), 3 survivors (3072K)
 Metaspace       used 109709K, committed 111936K, reserved 552960K
  class space    used 14390K, committed 15552K, reserved 421888K
GC Heap History (20 events):
Event: 691.107 GC heap after
{Heap after GC invocations=45 (full 0):
 garbage-first heap   total 294912K, used 212992K [0x0000000080000000, 0x0000000100000000)
  region size 1024K, 7 young (7168K), 7 survivors (7168K)
 Metaspace       used 108998K, committed 111168K, reserved 552960K
  class space    used 14380K, committed 15488K, reserved 421888K
}
Event: 691.459 GC heap before
{Heap before GC invocations=45 (full 0):
 garbage-first heap   total 294912K, used 247808K [0x0000000080000000, 0x0000000100000000)
  region size 1024K, 41 young (41984K), 7 survivors (7168K)
 Metaspace       used 109081K, committed 111232K, reserved 552960K
  class space    used 14380K, committed 15488K, reserved 421888K
}
Event: 691.502 GC heap after
{Heap after GC invocations=46 (full 0):
 garbage-first heap   total 294912K, used 219648K [0x0000000080000000, 0x0000000100000000)
  region size 1024K, 6 young (6144K), 6 survivors (6144K)
 Metaspace       used 109081K, committed 111232K, reserved 552960K
  class space    used 14380K, committed 15488K, reserved 421888K
}
Event: 691.867 GC heap before
{Heap before GC invocations=46 (full 0):
 garbage-first heap   total 294912K, used 249344K [0x0000000080000000, 0x0000000100000000)
  region size 1024K, 35 young (35840K), 6 survivors (6144K)
 Metaspace       used 109139K, committed 111296K, reserved 552960K
  class space    used 14385K, committed 15488K, reserved 421888K
}
Event: 691.896 GC heap after
{Heap after GC invocations=47 (full 0):
 garbage-first heap   total 294912K, used 221696K [0x0000000080000000, 0x0000000100000000)
  region size 1024K, 2 young (2048K), 2 survivors (2048K)
 Metaspace       used 109139K, committed 111296K, reserved 552960K
  class space    used 14385K, committed 15488K, reserved 421888K
}
Event: 692.767 GC heap before
{Heap before GC invocations=47 (full 0):
 garbage-first heap   total 294912K, used 251392K [0x0000000080000000, 0x0000000100000000)
  region size 1024K, 31 young (31744K), 2 survivors (2048K)
 Metaspace       used 109139K, committed 111296K, reserved 552960K
  class space    used 14385K, committed 15488K, reserved 421888K
}
Event: 692.772 GC heap after
{Heap after GC invocations=48 (full 0):
 garbage-first heap   total 294912K, used 221486K [0x0000000080000000, 0x0000000100000000)
  region size 1024K, 2 young (2048K), 2 survivors (2048K)
 Metaspace       used 109139K, committed 111296K, reserved 552960K
  class space    used 14385K, committed 15488K, reserved 421888K
}
Event: 693.704 GC heap before
{Heap before GC invocations=48 (full 0):
 garbage-first heap   total 294912K, used 253230K [0x0000000080000000, 0x0000000100000000)
  region size 1024K, 33 young (33792K), 2 survivors (2048K)
 Metaspace       used 109197K, committed 111360K, reserved 552960K
  class space    used 14385K, committed 15488K, reserved 421888K
}
Event: 693.711 GC heap after
{Heap after GC invocations=49 (full 0):
 garbage-first heap   total 294912K, used 222447K [0x0000000080000000, 0x0000000100000000)
  region size 1024K, 3 young (3072K), 3 survivors (3072K)
 Metaspace       used 109197K, committed 111360K, reserved 552960K
  class space    used 14385K, committed 15488K, reserved 421888K
}
Event: 699.020 GC heap before
{Heap before GC invocations=49 (full 0):
 garbage-first heap   total 294912K, used 255215K [0x0000000080000000, 0x0000000100000000)
  region size 1024K, 35 young (35840K), 3 survivors (3072K)
 Metaspace       used 109300K, committed 111488K, reserved 552960K
  class space    used 14385K, committed 15488K, reserved 421888K
}
Event: 699.028 GC heap after
{Heap after GC invocations=50 (full 0):
 garbage-first heap   total 294912K, used 223196K [0x0000000080000000, 0x0000000100000000)
  region size 1024K, 4 young (4096K), 4 survivors (4096K)
 Metaspace       used 109300K, committed 111488K, reserved 552960K
  class space    used 14385K, committed 15488K, reserved 421888K
}
Event: 1152.369 GC heap before
{Heap before GC invocations=50 (full 0):
 garbage-first heap   total 294912K, used 254940K [0x0000000080000000, 0x0000000100000000)
  region size 1024K, 36 young (36864K), 4 survivors (4096K)
 Metaspace       used 109417K, committed 111616K, reserved 552960K
  class space    used 14387K, committed 15488K, reserved 421888K
}
Event: 1152.517 GC heap after
{Heap after GC invocations=51 (full 0):
 garbage-first heap   total 294912K, used 224787K [0x0000000080000000, 0x0000000100000000)
  region size 1024K, 4 young (4096K), 4 survivors (4096K)
 Metaspace       used 109417K, committed 111616K, reserved 552960K
  class space    used 14387K, committed 15488K, reserved 421888K
}
Event: 1158.904 GC heap before
{Heap before GC invocations=51 (full 0):
 garbage-first heap   total 294912K, used 255507K [0x0000000080000000, 0x0000000100000000)
  region size 1024K, 35 young (35840K), 4 survivors (4096K)
 Metaspace       used 109537K, committed 111744K, reserved 552960K
  class space    used 14388K, committed 15552K, reserved 421888K
}
Event: 1158.942 GC heap after
{Heap after GC invocations=52 (full 0):
 garbage-first heap   total 294912K, used 229481K [0x0000000080000000, 0x0000000100000000)
  region size 1024K, 5 young (5120K), 5 survivors (5120K)
 Metaspace       used 109537K, committed 111744K, reserved 552960K
  class space    used 14388K, committed 15552K, reserved 421888K
}
Event: 1159.348 GC heap before
{Heap before GC invocations=52 (full 0):
 garbage-first heap   total 294912K, used 255081K [0x0000000080000000, 0x0000000100000000)
  region size 1024K, 31 young (31744K), 5 survivors (5120K)
 Metaspace       used 109601K, committed 111808K, reserved 552960K
  class space    used 14389K, committed 15552K, reserved 421888K
}
Event: 1159.388 GC heap after
{Heap after GC invocations=53 (full 0):
 garbage-first heap   total 294912K, used 234496K [0x0000000080000000, 0x0000000100000000)
  region size 1024K, 4 young (4096K), 4 survivors (4096K)
 Metaspace       used 109601K, committed 111808K, reserved 552960K
  class space    used 14389K, committed 15552K, reserved 421888K
}
Event: 1159.821 GC heap before
{Heap before GC invocations=53 (full 0):
 garbage-first heap   total 294912K, used 256000K [0x0000000080000000, 0x0000000100000000)
  region size 1024K, 25 young (25600K), 4 survivors (4096K)
 Metaspace       used 109656K, committed 111872K, reserved 552960K
  class space    used 14389K, committed 15552K, reserved 421888K
}
Event: 1159.854 GC heap after
{Heap after GC invocations=54 (full 0):
 garbage-first heap   total 294912K, used 239097K [0x0000000080000000, 0x0000000100000000)
  region size 1024K, 4 young (4096K), 4 survivors (4096K)
 Metaspace       used 109656K, committed 111872K, reserved 552960K
  class space    used 14389K, committed 15552K, reserved 421888K
}
Event: 1160.132 GC heap before
{Heap before GC invocations=54 (full 0):
 garbage-first heap   total 294912K, used 256505K [0x0000000080000000, 0x0000000100000000)
  region size 1024K, 21 young (21504K), 4 survivors (4096K)
 Metaspace       used 109709K, committed 111936K, reserved 552960K
  class space    used 14390K, committed 15552K, reserved 421888K
}

