# JRE version: Java(TM) SE Runtime Environment (19.0.2+7) (build 19.0.2+7-44)
# Java VM: Java HotSpot(TM) 64-Bit Server VM (19.0.2+7-44, mixed mode, sharing, tiered, compressed oops, compressed class ptrs, g1 gc, windows-amd64)
GC Precious Log:
 CardTable entry size: 512
 Card Set container configuration: InlinePtr #cards 5 size 8 Array Of Cards #cards 12 size 40 Howl #buckets 4 coarsen threshold 1843 Howl Bitmap #cards 512 size 80 coarsen threshold 460 Card regions per heap region 1 cards per card region 2048
 CPUs: 2 total, 2 available
 Memory: 4010M
 Large Page Support: Disabled
 NUMA Support: Disabled
 Compressed Oops: Enabled (32-bit)
 Heap Region Size: 1M
 Heap Min Capacity: 8M
 Heap Initial Capacity: 64M
 Heap Max Capacity: 2G
 Pre-touch: Disabled
 Parallel Workers: 2
 Concurrent Workers: 1
 Concurrent Refinement Workers: 2
 Periodic GC: Disabled
Heap:
 garbage-first heap   total 490496K, used 326088K [0x0000000080000000, 0x0000000100000000)
  region size 1024K, 211 young (216064K), 2 survivors (2048K)
 Metaspace       used 106571K, committed 108736K, reserved 552960K
  class space    used 14280K, committed 15360K, reserved 421888K
GC Heap History (20 events):
Event: 25.483 GC heap before
{Heap before GC invocations=31 (full 0):
 garbage-first heap   total 87040K, used 70439K [0x0000000080000000, 0x0000000100000000)
  region size 1024K, 21 young (21504K), 1 survivors (1024K)
 Metaspace       used 65736K, committed 67456K, reserved 487424K
  class space    used 8918K, committed 9792K, reserved 421888K
}
Event: 25.489 GC heap after
{Heap after GC invocations=32 (full 0):
 garbage-first heap   total 87040K, used 50957K [0x0000000080000000, 0x0000000100000000)
  region size 1024K, 2 young (2048K), 2 survivors (2048K)
 Metaspace       used 65736K, committed 67456K, reserved 487424K
  class space    used 8918K, committed 9792K, reserved 421888K
}
Event: 26.308 GC heap before
{Heap before GC invocations=33 (full 0):
 garbage-first heap   total 92160K, used 71437K [0x0000000080000000, 0x0000000100000000)
  region size 1024K, 22 young (22528K), 2 survivors (2048K)
 Metaspace       used 66937K, committed 68736K, reserved 487424K
  class space    used 9119K, committed 9984K, reserved 421888K
}
Event: 26.318 GC heap after
{Heap after GC invocations=34 (full 0):
 garbage-first heap   total 92160K, used 52411K [0x0000000080000000, 0x0000000100000000)
  region size 1024K, 3 young (3072K), 3 survivors (3072K)
 Metaspace       used 66937K, committed 68736K, reserved 487424K
  class space    used 9119K, committed 9984K, reserved 421888K
}
Event: 26.345 GC heap before
{Heap before GC invocations=34 (full 0):
 garbage-first heap   total 92160K, used 53435K [0x0000000080000000, 0x0000000100000000)
  region size 1024K, 4 young (4096K), 3 survivors (3072K)
 Metaspace       used 67055K, committed 68800K, reserved 487424K
  class space    used 9131K, committed 9984K, reserved 421888K
}
Event: 26.352 GC heap after
{Heap after GC invocations=35 (full 0):
 garbage-first heap   total 195584K, used 52504K [0x0000000080000000, 0x0000000100000000)
  region size 1024K, 1 young (1024K), 1 survivors (1024K)
 Metaspace       used 67055K, committed 68800K, reserved 487424K
  class space    used 9131K, committed 9984K, reserved 421888K
}
Event: 29.943 GC heap before
{Heap before GC invocations=35 (full 0):
 garbage-first heap   total 195584K, used 149784K [0x0000000080000000, 0x0000000100000000)
  region size 1024K, 92 young (94208K), 1 survivors (1024K)
 Metaspace       used 75378K, committed 77184K, reserved 552960K
  class space    used 10178K, committed 11136K, reserved 421888K
}
Event: 29.964 GC heap after
{Heap after GC invocations=36 (full 0):
 garbage-first heap   total 195584K, used 68867K [0x0000000080000000, 0x0000000100000000)
  region size 1024K, 12 young (12288K), 12 survivors (12288K)
 Metaspace       used 75378K, committed 77184K, reserved 552960K
  class space    used 10178K, committed 11136K, reserved 421888K
}
Event: 31.317 GC heap before
{Heap before GC invocations=36 (full 0):
 garbage-first heap   total 195584K, used 150787K [0x0000000080000000, 0x0000000100000000)
  region size 1024K, 86 young (88064K), 12 survivors (12288K)
 Metaspace       used 82583K, committed 84416K, reserved 552960K
  class space    used 11001K, committed 11904K, reserved 421888K
}
Event: 31.334 GC heap after
{Heap after GC invocations=37 (full 0):
 garbage-first heap   total 195584K, used 75346K [0x0000000080000000, 0x0000000100000000)
  region size 1024K, 7 young (7168K), 7 survivors (7168K)
 Metaspace       used 82583K, committed 84416K, reserved 552960K
  class space    used 11001K, committed 11904K, reserved 421888K
}
Event: 36.756 GC heap before
{Heap before GC invocations=37 (full 0):
 garbage-first heap   total 195584K, used 148050K [0x0000000080000000, 0x0000000100000000)
  region size 1024K, 78 young (79872K), 7 survivors (7168K)
 Metaspace       used 86373K, committed 88320K, reserved 552960K
  class space    used 11616K, committed 12608K, reserved 421888K
}
Event: 36.772 GC heap after
{Heap after GC invocations=38 (full 0):
 garbage-first heap   total 195584K, used 81920K [0x0000000080000000, 0x0000000100000000)
  region size 1024K, 7 young (7168K), 7 survivors (7168K)
 Metaspace       used 86373K, committed 88320K, reserved 552960K
  class space    used 11616K, committed 12608K, reserved 421888K
}
Event: 38.293 GC heap before
{Heap before GC invocations=39 (full 0):
 garbage-first heap   total 195584K, used 157696K [0x0000000080000000, 0x0000000100000000)
  region size 1024K, 76 young (77824K), 7 survivors (7168K)
 Metaspace       used 90206K, committed 92160K, reserved 552960K
  class space    used 12190K, committed 13184K, reserved 421888K
}
Event: 38.327 GC heap after
{Heap after GC invocations=40 (full 0):
 garbage-first heap   total 195584K, used 97792K [0x0000000080000000, 0x0000000100000000)
  region size 1024K, 10 young (10240K), 10 survivors (10240K)
 Metaspace       used 90206K, committed 92160K, reserved 552960K
  class space    used 12190K, committed 13184K, reserved 421888K
}
Event: 38.334 GC heap before
{Heap before GC invocations=40 (full 0):
 garbage-first heap   total 195584K, used 98816K [0x0000000080000000, 0x0000000100000000)
  region size 1024K, 11 young (11264K), 10 survivors (10240K)
 Metaspace       used 90206K, committed 92160K, reserved 552960K
  class space    used 12190K, committed 13184K, reserved 421888K
}
Event: 38.344 GC heap after
{Heap after GC invocations=41 (full 0):
 garbage-first heap   total 195584K, used 98816K [0x0000000080000000, 0x0000000100000000)
  region size 1024K, 1 young (1024K), 1 survivors (1024K)
 Metaspace       used 90206K, committed 92160K, reserved 552960K
  class space    used 12190K, committed 13184K, reserved 421888K
}
Event: 39.263 GC heap before
{Heap before GC invocations=41 (full 0):
 garbage-first heap   total 195584K, used 154112K [0x0000000080000000, 0x0000000100000000)
  region size 1024K, 55 young (56320K), 1 survivors (1024K)
 Metaspace       used 93645K, committed 95680K, reserved 552960K
  class space    used 12679K, committed 13696K, reserved 421888K
}
Event: 39.278 GC heap after
{Heap after GC invocations=42 (full 0):
 garbage-first heap   total 195584K, used 107520K [0x0000000080000000, 0x0000000100000000)
  region size 1024K, 7 young (7168K), 7 survivors (7168K)
 Metaspace       used 93645K, committed 95680K, reserved 552960K
  class space    used 12679K, committed 13696K, reserved 421888K
}
Event: 39.343 GC heap before
{Heap before GC invocations=42 (full 0):
 garbage-first heap   total 195584K, used 111616K [0x0000000080000000, 0x0000000100000000)
  region size 1024K, 12 young (12288K), 7 survivors (7168K)
 Metaspace       used 93660K, committed 95680K, reserved 552960K
  class space    used 12681K, committed 13696K, reserved 421888K
}
Event: 39.353 GC heap after
{Heap after GC invocations=43 (full 0):
 garbage-first heap   total 490496K, used 109000K [0x0000000080000000, 0x0000000100000000)
  region size 1024K, 2 young (2048K), 2 survivors (2048K)
 Metaspace       used 93660K, committed 95680K, reserved 552960K
  class space    used 12681K, committed 13696K, reserved 421888K
}

